+ set -e
+ set -o pipefail
++ id -u
+ [[ 501 -eq 0 ]]
+ export PATH=/nix/store/9i147r2fj9gj295jxa0nf2m4nwdkc94r-coreutils-9.7/bin:/nix/store/w58c3ip3177vib3zwnmnjk5q62hvfjqz-jq-1.8.1-bin/bin:/nix/store/56avrmkafl3ymr5azsgx4lagzrhc79nd-git-2.50.1/bin:/nix/store/d27kynj7rbsvlx7f67rbywsz954vbgv9-nix-2.28.4/bin:/Users/gravity/.nix-profile/bin:/run/current-system/sw/bin:/nix/var/nix/profiles/default/bin:/usr/local/bin:/usr/bin:/bin:/usr/sbin:/sbin
+ PATH=/nix/store/9i147r2fj9gj295jxa0nf2m4nwdkc94r-coreutils-9.7/bin:/nix/store/w58c3ip3177vib3zwnmnjk5q62hvfjqz-jq-1.8.1-bin/bin:/nix/store/56avrmkafl3ymr5azsgx4lagzrhc79nd-git-2.50.1/bin:/nix/store/d27kynj7rbsvlx7f67rbywsz954vbgv9-nix-2.28.4/bin:/Users/gravity/.nix-profile/bin:/run/current-system/sw/bin:/nix/var/nix/profiles/default/bin:/usr/local/bin:/usr/bin:/bin:/usr/sbin:/sbin
+ export NIX_PATH=nixpkgs=flake:nixpkgs:/nix/var/nix/profiles/per-user/root/channels
+ NIX_PATH=nixpkgs=flake:nixpkgs:/nix/var/nix/profiles/per-user/root/channels
+ export NIX_REMOTE=daemon
+ NIX_REMOTE=daemon
+ origArgs=("$@")
+ extraMetadataFlags=()
+ extraBuildFlags=()
+ extraLockFlags=()
+ extraProfileFlags=()
+ profile=/nix/var/nix/profiles/system
+ action=
+ flake=
+ noFlake=
+ '[' 3 -gt 0 ']'
+ i=switch
+ shift 1
+ case $i in
+ action=switch
+ '[' 2 -gt 0 ']'
+ i=--flake
+ shift 1
+ case $i in
+ flake=.#air
+ shift 1
+ '[' 0 -gt 0 ']'
+ '[' -z switch ']'
+ [[ switch =~ ^switch|activate|rollback|check$ ]]
++ id -u
+ [[ 501 -ne 0 ]]
+ printf '%s: system activation must now be run as root\n' /run/current-system/sw/bin/darwin-rebuild
/run/current-system/sw/bin/darwin-rebuild: system activation must now be run as root
+ exit 1
