--- Startup times for process: Primary (or UI client) ---

times in msec
 clock   self+sourced   self:  sourced script
 clock   elapsed:              other lines

000.001  000.001: --- NVIM STARTING ---
001.219  001.219: event init
002.813  001.594: early init
003.687  000.874: locale set
005.815  002.128: init first window
011.283  005.467: inits 1
011.295  000.012: window checked
011.297  000.002: parsing arguments
015.637  000.053  000.053: require('vim.shared')
015.956  000.030  000.030: require('vim.inspect')
015.991  000.028  000.028: require('vim._options')
015.993  000.351  000.293: require('vim._editor')
015.995  000.886  000.482: require('vim._init_packages')
015.998  003.815: init lua interpreter
021.805  005.807: nvim_ui_attach
022.338  000.533: nvim_set_client_info
022.340  000.002: --- NVIM STARTED ---

--- Startup times for process: Embedded ---

times in msec
 clock   self+sourced   self:  sourced script
 clock   elapsed:              other lines

000.000  000.000: --- NVIM STARTING ---
000.091  000.091: event init
000.193  000.102: early init
001.674  001.481: locale set
001.701  000.028: init first window
002.029  000.327: inits 1
002.043  000.014: window checked
002.045  000.002: parsing arguments
002.453  000.034  000.034: require('vim.shared')
002.525  000.029  000.029: require('vim.inspect')
002.558  000.027  000.027: require('vim._options')
002.560  000.105  000.049: require('vim._editor')
002.562  000.164  000.025: require('vim._init_packages')
002.563  000.354: init lua interpreter
004.734  002.171: expanding arguments
004.893  000.159: inits 2
005.818  000.924: init highlight
005.819  000.002: waiting for UI
007.162  001.342: done waiting for UI
007.234  000.073: clear screen
007.790  000.013  000.013: require('vim.keymap')
010.176  000.532  000.532: sourcing nvim_exec2()
011.927  004.689  004.144: require('vim._defaults')
011.929  000.006: init default mappings & autocommands
012.199  000.270: --cmd commands
014.188  000.188  000.188: sourcing /nix/store/yvp07vzzalviran79qwysz4ql995125h-neovim-unwrapped-0.11.3/share/nvim/runtime/ftplugin.vim
014.581  000.153  000.153: sourcing /nix/store/yvp07vzzalviran79qwysz4ql995125h-neovim-unwrapped-0.11.3/share/nvim/runtime/indent.vim
017.005  000.426  000.426: require('core.performance')
017.549  000.541  000.541: require('core.options')
018.362  000.811  000.811: require('core.mappings')
018.365  003.026  001.248: require('core')
020.157  001.397  001.397: require('lazy')
020.653  000.241  000.241: require('ffi')
020.855  000.179  000.179: require('vim.fs')
021.485  000.624  000.624: require('vim.uri')
021.497  000.841  000.038: require('vim.loader')
022.193  000.658  000.658: require('lazy.stats')
023.151  000.708  000.708: require('lazy.core.util')
023.467  000.315  000.315: require('lazy.core.config')
024.338  000.256  000.256: require('lazy.core.handler')
025.387  000.376  000.376: require('lazy.pkg')
025.392  000.661  000.285: require('lazy.core.meta')
025.397  001.058  000.397: require('lazy.core.plugin')
025.403  001.935  000.621: require('lazy.core.loader')
026.118  000.295  000.295: require('lazy.core.fragments')
035.472  000.290  000.290: require('lazy.core.handler.event')
035.476  000.531  000.241: require('lazy.core.handler.ft')
035.759  000.276  000.276: require('lazy.core.handler.keys')
036.012  000.251  000.251: require('lazy.core.handler.cmd')
036.701  000.008  000.008: sourcing nvim_exec2() called at /Users/gravity/.config/nvim/init.lua:0
037.319  000.136  000.136: sourcing /Users/gravity/.local/share/nvim/lazy/vimtex/ftdetect/cls.vim
037.322  000.215  000.078: sourcing nvim_exec2() called at /Users/gravity/.config/nvim/init.lua:0
037.550  000.165  000.165: sourcing /Users/gravity/.local/share/nvim/lazy/vimtex/ftdetect/tex.vim
037.554  000.226  000.061: sourcing nvim_exec2() called at /Users/gravity/.config/nvim/init.lua:0
037.844  000.228  000.228: sourcing /Users/gravity/.local/share/nvim/lazy/vimtex/ftdetect/tikz.vim
037.847  000.288  000.060: sourcing nvim_exec2() called at /Users/gravity/.config/nvim/init.lua:0
037.852  000.001  000.001: sourcing nvim_exec2() called at /Users/gravity/.config/nvim/init.lua:0
039.756  000.710  000.710: sourcing nvim_exec2() called at /nix/store/yvp07vzzalviran79qwysz4ql995125h-neovim-unwrapped-0.11.3/share/nvim/runtime/filetype.lua:0
039.759  001.072  000.362: sourcing /nix/store/yvp07vzzalviran79qwysz4ql995125h-neovim-unwrapped-0.11.3/share/nvim/runtime/filetype.lua
039.762  001.298  000.226: sourcing nvim_exec2() called at /Users/gravity/.config/nvim/init.lua:0
040.269  000.002  000.002: sourcing nvim_exec2() called at /Users/gravity/.config/nvim/init.lua:0
040.278  000.001  000.001: sourcing nvim_exec2() called at /Users/gravity/.config/nvim/init.lua:0
040.307  000.002  000.002: sourcing nvim_exec2() called at /Users/gravity/.config/nvim/init.lua:0
040.325  000.001  000.001: sourcing nvim_exec2() called at /Users/gravity/.config/nvim/init.lua:0
042.673  000.464  000.464: require('chadrc')
042.998  001.292  000.828: require('nvconfig')
043.407  000.397  000.397: require('nvchad.stl.utils')
043.701  000.284  000.284: require('nvchad.tabufline.lazyload')
043.705  003.377  001.405: require('nvchad')
044.322  000.270  000.270: sourcing /nix/store/yvp07vzzalviran79qwysz4ql995125h-neovim-unwrapped-0.11.3/share/nvim/runtime/plugin/editorconfig.lua
044.325  000.355  000.085: sourcing nvim_exec2() called at /Users/gravity/.config/nvim/init.lua:0
044.516  000.120  000.120: sourcing /nix/store/yvp07vzzalviran79qwysz4ql995125h-neovim-unwrapped-0.11.3/share/nvim/runtime/plugin/gzip.vim
044.520  000.190  000.070: sourcing nvim_exec2() called at /Users/gravity/.config/nvim/init.lua:0
044.847  000.148  000.148: sourcing /nix/store/yvp07vzzalviran79qwysz4ql995125h-neovim-unwrapped-0.11.3/share/nvim/runtime/plugin/man.lua
044.851  000.326  000.178: sourcing nvim_exec2() called at /Users/gravity/.config/nvim/init.lua:0
045.030  000.111  000.111: sourcing /nix/store/yvp07vzzalviran79qwysz4ql995125h-neovim-unwrapped-0.11.3/share/nvim/runtime/plugin/matchit.vim
045.033  000.179  000.068: sourcing nvim_exec2() called at /Users/gravity/.config/nvim/init.lua:0
045.353  000.253  000.253: sourcing /nix/store/yvp07vzzalviran79qwysz4ql995125h-neovim-unwrapped-0.11.3/share/nvim/runtime/plugin/matchparen.vim
045.355  000.318  000.065: sourcing nvim_exec2() called at /Users/gravity/.config/nvim/init.lua:0
045.503  000.066  000.066: sourcing /nix/store/yvp07vzzalviran79qwysz4ql995125h-neovim-unwrapped-0.11.3/share/nvim/runtime/plugin/netrwPlugin.vim
045.507  000.133  000.068: sourcing nvim_exec2() called at /Users/gravity/.config/nvim/init.lua:0
045.851  000.256  000.256: sourcing /nix/store/yvp07vzzalviran79qwysz4ql995125h-neovim-unwrapped-0.11.3/share/nvim/runtime/plugin/osc52.lua
045.854  000.322  000.067: sourcing nvim_exec2() called at /Users/gravity/.config/nvim/init.lua:0
046.374  000.118  000.118: sourcing /nix/store/nyvirvf6nlnfypizplbrx90bycrrza90-neovim-0.11.3/rplugin.vim
046.605  000.685  000.567: sourcing /nix/store/yvp07vzzalviran79qwysz4ql995125h-neovim-unwrapped-0.11.3/share/nvim/runtime/plugin/rplugin.vim
046.608  000.750  000.065: sourcing nvim_exec2() called at /Users/gravity/.config/nvim/init.lua:0
046.829  000.154  000.154: sourcing /nix/store/yvp07vzzalviran79qwysz4ql995125h-neovim-unwrapped-0.11.3/share/nvim/runtime/plugin/shada.vim
046.831  000.219  000.066: sourcing nvim_exec2() called at /Users/gravity/.config/nvim/init.lua:0
047.073  000.164  000.164: sourcing /nix/store/yvp07vzzalviran79qwysz4ql995125h-neovim-unwrapped-0.11.3/share/nvim/runtime/plugin/spellfile.vim
047.076  000.242  000.077: sourcing nvim_exec2() called at /Users/gravity/.config/nvim/init.lua:0
047.225  000.080  000.080: sourcing /nix/store/yvp07vzzalviran79qwysz4ql995125h-neovim-unwrapped-0.11.3/share/nvim/runtime/plugin/tarPlugin.vim
047.229  000.149  000.069: sourcing nvim_exec2() called at /Users/gravity/.config/nvim/init.lua:0
047.371  000.073  000.073: sourcing /nix/store/yvp07vzzalviran79qwysz4ql995125h-neovim-unwrapped-0.11.3/share/nvim/runtime/plugin/tohtml.lua
047.374  000.142  000.069: sourcing nvim_exec2() called at /Users/gravity/.config/nvim/init.lua:0
047.479  000.038  000.038: sourcing /nix/store/yvp07vzzalviran79qwysz4ql995125h-neovim-unwrapped-0.11.3/share/nvim/runtime/plugin/tutor.vim
047.482  000.105  000.067: sourcing nvim_exec2() called at /Users/gravity/.config/nvim/init.lua:0
047.583  000.035  000.035: sourcing /nix/store/yvp07vzzalviran79qwysz4ql995125h-neovim-unwrapped-0.11.3/share/nvim/runtime/plugin/zipPlugin.vim
047.586  000.102  000.066: sourcing nvim_exec2() called at /Users/gravity/.config/nvim/init.lua:0
051.872  037.031  017.606: sourcing /Users/gravity/.config/nvim/init.lua
051.879  002.309: sourcing vimrc file(s)
052.014  000.043  000.043: sourcing /nix/store/yvp07vzzalviran79qwysz4ql995125h-neovim-unwrapped-0.11.3/share/nvim/runtime/filetype.lua
053.015  000.096  000.096: sourcing /nix/store/yvp07vzzalviran79qwysz4ql995125h-neovim-unwrapped-0.11.3/share/nvim/runtime/syntax/synload.vim
053.147  000.453  000.357: sourcing /nix/store/yvp07vzzalviran79qwysz4ql995125h-neovim-unwrapped-0.11.3/share/nvim/runtime/syntax/syntax.vim
053.158  000.782: inits 3
055.118  001.960: reading ShaDa
055.179  000.061: opening buffers
055.190  000.011: BufEnter autocommands
055.192  000.003: editing files in windows
055.492  000.002  000.002: sourcing nvim_exec2() called at VimEnter Autocommands for "*":0
055.503  000.001  000.001: sourcing nvim_exec2() called at VimEnter Autocommands for "*":0
056.533  000.004  000.004: require('vim.F')
056.541  001.030  001.025: require('alpha')
056.825  000.283  000.283: require('alpha.themes.dashboard')
057.584  000.416  000.416: require('vim.version')
060.449  003.525: VimEnter autocommands
061.673  000.613  000.613: require('vim.termcap')
061.700  000.015  000.015: require('vim.text')
061.719  000.642: UIEnter autocommands
062.394  000.355  000.355: sourcing /nix/store/yvp07vzzalviran79qwysz4ql995125h-neovim-unwrapped-0.11.3/share/nvim/runtime/autoload/provider/clipboard.vim
062.400  000.325: before starting main loop
064.347  000.375  000.375: require('nvchad.stl.default')
064.449  001.675: first screen update
064.451  000.001: --- NVIM STARTED ---

