[00:47:11.240][info] [#0:/Users/gravity/.local/share/nvim/mason/packages/lua-language-server/libexec/main.lua:68]: Lua Lsp startup, root: 	/Users/gravity/.local/share/nvim/mason/packages/lua-language-server/libexec
[00:47:11.241][info] [#0:/Users/gravity/.local/share/nvim/mason/packages/lua-language-server/libexec/main.lua:69]: ROOT:	/Users/gravity/.local/share/nvim/mason/packages/lua-language-server/libexec
[00:47:11.241][info] [#0:/Users/gravity/.local/share/nvim/mason/packages/lua-language-server/libexec/main.lua:70]: LOGPATH:	/Users/gravity/.local/share/nvim/mason/packages/lua-language-server/libexec/log
[00:47:11.241][info] [#0:/Users/gravity/.local/share/nvim/mason/packages/lua-language-server/libexec/main.lua:71]: METAPATH:	/Users/gravity/.local/share/nvim/mason/packages/lua-language-server/libexec/meta
[00:47:11.243][info] [#0:/Users/gravity/.local/share/nvim/mason/packages/lua-language-server/libexec/main.lua:72]: VERSION:	3.15.0
[00:47:11.278][info] [#0:script/proto/proto.lua:260]: Listen Mode: stdio
[00:47:11.278][info] [#0:script/service/service.lua:145]: 
========= Medical Examination Report =========
    --------------- Memory ---------------
        Total: 2.266 MB
        # 00 : 2.266 MB
        # 01 : 0.000 MB
        # 02 : 0.000 MB
        # 03 : 0.000 MB
        # 04 : 0.000 MB
    --------------- Coroutine ---------------
        Total:     0
        Running:   0
        Suspended: 0
        Normal:    0
        Dead:      0
    --------------- Cache ---------------
        Total: 1
        Dead:  0
    ---------------  RPC  ---------------
        Holdon:   0
        Waiting:  0
==============================================
[00:47:11.383][info] [#0:script/client.lua:657]: Client init	{
  capabilities = {
    general = {
      positionEncodings = { "utf-8", "utf-16", "utf-32" }
    },
    textDocument = {
      callHierarchy = {
        dynamicRegistration = false
      },
      codeAction = {
        codeActionLiteralSupport = {
          codeActionKind = {
            valueSet = { "", "quickfix", "refactor", "refactor.extract", "refactor.inline", "refactor.rewrite", "source", "source.organizeImports" }
          }
        },
        dataSupport = true,
        dynamicRegistration = true,
        isPreferredSupport = true,
        resolveSupport = {
          properties = { "edit", "command" }
        }
      },
      codeLens = {
        dynamicRegistration = false,
        resolveSupport = {
          properties = { "command" }
        }
      },
      completion = {
        completionItem = {
          commitCharactersSupport = true,
          deprecatedSupport = true,
          documentationFormat = { "markdown", "plaintext" },
          insertReplaceSupport = true,
          labelDetailsSupport = true,
          preselectSupport = true,
          resolveSupport = {
            properties = { "documentation", "detail", "additionalTextEdits" }
          },
          snippetSupport = true,
          tagSupport = {
            valueSet = { 1 }
          }
        },
        completionItemKind = {
          valueSet = { 1, 2, 3, 4, 5, 6, 7, 8, 9, 10, 11, 12, 13, 14, 15, 16, 17, 18, 19, 20, 21, 22, 23, 24, 25 }
        },
        completionList = {
          itemDefaults = { "editRange", "insertTextFormat", "insertTextMode", "data" }
        },
        contextSupport = true,
        dynamicRegistration = false
      },
      declaration = {
        linkSupport = true
      },
      definition = {
        dynamicRegistration = true,
        linkSupport = true
      },
      diagnostic = {
        dynamicRegistration = false,
        tagSupport = {
          valueSet = { 1, 2 }
        }
      },
      documentHighlight = {
        dynamicRegistration = false
      },
      documentSymbol = {
        dynamicRegistration = false,
        hierarchicalDocumentSymbolSupport = true,
        symbolKind = {
          valueSet = { 1, 2, 3, 4, 5, 6, 7, 8, 9, 10, 11, 12, 13, 14, 15, 16, 17, 18, 19, 20, 21, 22, 23, 24, 25, 26 }
        }
      },
      foldingRange = {
        dynamicRegistration = false,
        foldingRange = {
          collapsedText = true
        },
        foldingRangeKind = {
          valueSet = { "comment", "imports", "region" }
        },
        lineFoldingOnly = true
      },
      formatting = {
        dynamicRegistration = true
      },
      hover = {
        contentFormat = { "markdown", "plaintext" },
        dynamicRegistration = true
      },
      implementation = {
        linkSupport = true
      },
      inlayHint = {
        dynamicRegistration = true,
        resolveSupport = {
          properties = { "textEdits", "tooltip", "location", "command" }
        }
      },
      publishDiagnostics = {
        dataSupport = true,
        relatedInformation = true,
        tagSupport = {
          valueSet = { 1, 2 }
        }
      },
      rangeFormatting = {
        dynamicRegistration = true,
        rangesSupport = true
      },
      references = {
        dynamicRegistration = false
      },
      rename = {
        dynamicRegistration = true,
        prepareSupport = true
      },
      semanticTokens = {
        augmentsSyntaxTokens = true,
        dynamicRegistration = false,
        formats = { "relative" },
        multilineTokenSupport = false,
        overlappingTokenSupport = true,
        requests = {
          full = {
            delta = true
          },
          range = false
        },
        serverCancelSupport = false,
        tokenModifiers = { "declaration", "definition", "readonly", "static", "deprecated", "abstract", "async", "modification", "documentation", "defaultLibrary" },
        tokenTypes = { "namespace", "type", "class", "enum", "interface", "struct", "typeParameter", "parameter", "variable", "property", "enumMember", "event", "function", "method", "macro", "keyword", "modifier", "comment", "string", "number", "regexp", "operator", "decorator" }
      },
      signatureHelp = {
        dynamicRegistration = false,
        signatureInformation = {
          activeParameterSupport = true,
          documentationFormat = { "markdown", "plaintext" },
          parameterInformation = {
            labelOffsetSupport = true
          }
        }
      },
      synchronization = {
        didSave = true,
        dynamicRegistration = false,
        willSave = true,
        willSaveWaitUntil = true
      },
      typeDefinition = {
        linkSupport = true
      }
    },
    window = {
      showDocument = {
        support = true
      },
      showMessage = {
        messageActionItem = {
          additionalPropertiesSupport = true
        }
      },
      workDoneProgress = true
    },
    workspace = {
      applyEdit = true,
      configuration = true,
      didChangeConfiguration = {
        dynamicRegistration = false
      },
      didChangeWatchedFiles = {
        dynamicRegistration = true,
        relativePatternSupport = true
      },
      inlayHint = {
        refreshSupport = true
      },
      semanticTokens = {
        refreshSupport = true
      },
      symbol = {
        dynamicRegistration = false,
        symbolKind = {
          valueSet = { 1, 2, 3, 4, 5, 6, 7, 8, 9, 10, 11, 12, 13, 14, 15, 16, 17, 18, 19, 20, 21, 22, 23, 24, 25, 26 }
        }
      },
      workspaceEdit = {
        resourceOperations = { "rename", "create", "delete" }
      },
      workspaceFolders = true
    }
  },
  clientInfo = {
    name = "Neovim",
    version = "0.11.3"
  },
  initializationOptions = {},
  processId = 5711,
  rootPath = "/Users/gravity/Github_repos/sketchybar",
  rootUri = "file:///Users/gravity/Github_repos/sketchybar",
  trace = "off",
  workDoneToken = "1",
  workspaceFolders = { {
      name = "/Users/gravity/Github_repos/sketchybar",
      uri = "file:///Users/gravity/Github_repos/sketchybar"
    } }
}
[00:47:11.384][info] [#0:script/language.lua:137]: VSC language: nil
[00:47:11.384][info] [#0:script/language.lua:138]: LS  language: en-us
[00:47:11.384][info] [#0:script/workspace/workspace.lua:38]: Workspace init root: 	file:///Users/gravity/Github_repos/sketchybar
[00:47:11.384][info] [#0:script/workspace/workspace.lua:42]: Log path: 	/Users/gravity/.local/share/nvim/mason/packages/lua-language-server/libexec/log/file_Users_gravity_Github_repos_sketchybar.log
[00:47:11.384][info] [#0:script/workspace/workspace.lua:48]: Workspace create: 	file:///Users/gravity/Github_repos/sketchybar
[00:47:11.590][info] [#0:script/provider/provider.lua:49]: Load config from client	file:///Users/gravity/Github_repos/sketchybar
[00:47:11.590][info] [#0:script/provider/provider.lua:50]: {
  Lua = {
    diagnostics = {
      globals = { "vim" }
    }
  }
}
[00:47:11.590][info] [#0:script/provider/provider.lua:49]: Load config from client	file:///Users/gravity/Github_repos/sketchybar
[00:47:11.590][info] [#0:script/provider/provider.lua:50]: {
  Lua = {
    diagnostics = {
      globals = { "vim" }
    }
  }
}
[00:47:11.695][info] [#0:script/provider/provider.lua:65]: Load config from client	fallback
[00:47:11.695][info] [#0:script/provider/provider.lua:66]: {
  Lua = {
    diagnostics = {
      globals = { "vim" }
    }
  }
}
[00:47:11.695][info] [#0:script/provider/provider.lua:65]: Load config from client	fallback
[00:47:11.695][info] [#0:script/provider/provider.lua:66]: {
  Lua = {
    diagnostics = {
      globals = { "vim" }
    }
  }
}
[00:47:11.812][info] [#0:script/library.lua:212]: Init builtin library at:	file:///Users/gravity/Github_repos/sketchybar
[00:47:11.830][info] [#0:script/library.lua:212]: Init builtin library at:	nil
[00:47:11.943][info] [#0:script/workspace/workspace.lua:330]: Preload start:	file:///Users/gravity/Github_repos/sketchybar
[00:47:11.947][info] [#0:script/workspace/workspace.lua:336]: Scan files at:	file:///Users/gravity/Github_repos/sketchybar
[00:47:11.950][info] [#0:script/workspace/workspace.lua:330]: Preload start:	<fallback>
[00:47:11.951][info] [#0:script/workspace/workspace.lua:359]: Scan library at:	file:///Users/gravity/.local/share/nvim/mason/packages/lua-language-server/libexec/meta/Lua%205.4%20en-us%20utf8/builtin.lua
[00:47:11.952][info] [#0:script/workspace/workspace.lua:359]: Scan library at:	file:///Users/gravity/.local/share/nvim/mason/packages/lua-language-server/libexec/meta/Lua%205.4%20en-us%20utf8/string.lua
[00:47:11.952][info] [#0:script/workspace/workspace.lua:359]: Scan library at:	file:///Users/gravity/.local/share/nvim/mason/packages/lua-language-server/libexec/meta/Lua%205.4%20en-us%20utf8/utf8.lua
[00:47:11.952][info] [#0:script/workspace/workspace.lua:359]: Scan library at:	file:///Users/gravity/.local/share/nvim/mason/packages/lua-language-server/libexec/meta/Lua%205.4%20en-us%20utf8/math.lua
[00:47:11.952][info] [#0:script/workspace/workspace.lua:359]: Scan library at:	file:///Users/gravity/.local/share/nvim/mason/packages/lua-language-server/libexec/meta/Lua%205.4%20en-us%20utf8/os.lua
[00:47:11.952][info] [#0:script/workspace/workspace.lua:359]: Scan library at:	file:///Users/gravity/.local/share/nvim/mason/packages/lua-language-server/libexec/meta/Lua%205.4%20en-us%20utf8/package.lua
[00:47:11.952][info] [#0:script/workspace/workspace.lua:359]: Scan library at:	file:///Users/gravity/.local/share/nvim/mason/packages/lua-language-server/libexec/meta/Lua%205.4%20en-us%20utf8/basic.lua
[00:47:11.952][info] [#0:script/workspace/workspace.lua:359]: Scan library at:	file:///Users/gravity/.local/share/nvim/mason/packages/lua-language-server/libexec/meta/Lua%205.4%20en-us%20utf8/table.lua
[00:47:11.952][info] [#0:script/workspace/workspace.lua:359]: Scan library at:	file:///Users/gravity/.local/share/nvim/mason/packages/lua-language-server/libexec/meta/Lua%205.4%20en-us%20utf8/coroutine.lua
[00:47:11.953][info] [#0:script/workspace/workspace.lua:359]: Scan library at:	file:///Users/gravity/.local/share/nvim/mason/packages/lua-language-server/libexec/meta/Lua%205.4%20en-us%20utf8/debug.lua
[00:47:11.953][info] [#0:script/workspace/workspace.lua:359]: Scan library at:	file:///Users/gravity/.local/share/nvim/mason/packages/lua-language-server/libexec/meta/Lua%205.4%20en-us%20utf8/io.lua
[00:47:11.954][info] [#0:script/workspace/workspace.lua:359]: Scan library at:	file:///Users/gravity/.local/share/nvim/mason/packages/lua-language-server/libexec/meta/Lua%205.4%20en-us%20utf8/builtin.lua
[00:47:11.954][info] [#0:script/workspace/workspace.lua:359]: Scan library at:	file:///Users/gravity/.local/share/nvim/mason/packages/lua-language-server/libexec/meta/Lua%205.4%20en-us%20utf8/string.lua
[00:47:11.954][info] [#0:script/workspace/workspace.lua:359]: Scan library at:	file:///Users/gravity/.local/share/nvim/mason/packages/lua-language-server/libexec/meta/Lua%205.4%20en-us%20utf8/utf8.lua
[00:47:11.954][info] [#0:script/workspace/workspace.lua:359]: Scan library at:	file:///Users/gravity/.local/share/nvim/mason/packages/lua-language-server/libexec/meta/Lua%205.4%20en-us%20utf8/math.lua
[00:47:11.955][info] [#0:script/workspace/workspace.lua:359]: Scan library at:	file:///Users/gravity/.local/share/nvim/mason/packages/lua-language-server/libexec/meta/Lua%205.4%20en-us%20utf8/os.lua
[00:47:11.955][info] [#0:script/workspace/workspace.lua:359]: Scan library at:	file:///Users/gravity/.local/share/nvim/mason/packages/lua-language-server/libexec/meta/Lua%205.4%20en-us%20utf8/package.lua
[00:47:11.955][info] [#0:script/workspace/workspace.lua:359]: Scan library at:	file:///Users/gravity/.local/share/nvim/mason/packages/lua-language-server/libexec/meta/Lua%205.4%20en-us%20utf8/basic.lua
[00:47:11.955][info] [#0:script/workspace/workspace.lua:359]: Scan library at:	file:///Users/gravity/.local/share/nvim/mason/packages/lua-language-server/libexec/meta/Lua%205.4%20en-us%20utf8/table.lua
[00:47:11.955][info] [#0:script/workspace/workspace.lua:359]: Scan library at:	file:///Users/gravity/.local/share/nvim/mason/packages/lua-language-server/libexec/meta/Lua%205.4%20en-us%20utf8/coroutine.lua
[00:47:11.955][info] [#0:script/workspace/workspace.lua:359]: Scan library at:	file:///Users/gravity/.local/share/nvim/mason/packages/lua-language-server/libexec/meta/Lua%205.4%20en-us%20utf8/debug.lua
[00:47:11.955][info] [#0:script/workspace/workspace.lua:359]: Scan library at:	file:///Users/gravity/.local/share/nvim/mason/packages/lua-language-server/libexec/meta/Lua%205.4%20en-us%20utf8/io.lua
[00:47:12.060][info] [#0:script/workspace/workspace.lua:385]: Found 11 files at:	<fallback>
[00:47:12.060][info] [#0:script/workspace/loading.lua:160]: Load files from disk:	<fallback>
[00:47:12.060][info] [#0:script/workspace/workspace.lua:385]: Found 36 files at:	file:///Users/gravity/Github_repos/sketchybar
[00:47:12.060][info] [#0:script/workspace/loading.lua:160]: Load files from disk:	file:///Users/gravity/Github_repos/sketchybar
[00:47:12.167][info] [#0:script/workspace/loading.lua:100]: Preload file at: file:///Users/gravity/.local/share/nvim/mason/packages/lua-language-server/libexec/meta/Lua%205.4%20en-us%20utf8/io.lua , size = 6.364 KB
[00:47:12.172][info] [#0:script/workspace/loading.lua:112]: ++++As library of:	file:///Users/gravity/.local/share/nvim/mason/packages/lua-language-server/libexec/meta/Lua%205.4%20en-us%20utf8/io.lua
[00:47:12.172][info] [#0:script/workspace/loading.lua:97]: Skip loaded file: file:///Users/gravity/.local/share/nvim/mason/packages/lua-language-server/libexec/meta/Lua%205.4%20en-us%20utf8/io.lua
[00:47:12.172][info] [#0:script/workspace/loading.lua:100]: Preload file at: file:///Users/gravity/.local/share/nvim/mason/packages/lua-language-server/libexec/meta/Lua%205.4%20en-us%20utf8/debug.lua , size = 7.637 KB
[00:47:12.178][info] [#0:script/workspace/loading.lua:112]: ++++As library of:	file:///Users/gravity/.local/share/nvim/mason/packages/lua-language-server/libexec/meta/Lua%205.4%20en-us%20utf8/debug.lua
[00:47:12.179][info] [#0:script/workspace/loading.lua:97]: Skip loaded file: file:///Users/gravity/.local/share/nvim/mason/packages/lua-language-server/libexec/meta/Lua%205.4%20en-us%20utf8/debug.lua
[00:47:12.179][info] [#0:script/workspace/loading.lua:100]: Preload file at: file:///Users/gravity/.local/share/nvim/mason/packages/lua-language-server/libexec/meta/Lua%205.4%20en-us%20utf8/coroutine.lua , size = 2.590 KB
[00:47:12.180][info] [#0:script/workspace/loading.lua:112]: ++++As library of:	file:///Users/gravity/.local/share/nvim/mason/packages/lua-language-server/libexec/meta/Lua%205.4%20en-us%20utf8/coroutine.lua
[00:47:12.180][info] [#0:script/workspace/loading.lua:97]: Skip loaded file: file:///Users/gravity/.local/share/nvim/mason/packages/lua-language-server/libexec/meta/Lua%205.4%20en-us%20utf8/coroutine.lua
[00:47:12.180][info] [#0:script/workspace/loading.lua:100]: Preload file at: file:///Users/gravity/.local/share/nvim/mason/packages/lua-language-server/libexec/meta/Lua%205.4%20en-us%20utf8/table.lua , size = 4.445 KB
[00:47:12.183][info] [#0:script/workspace/loading.lua:112]: ++++As library of:	file:///Users/gravity/.local/share/nvim/mason/packages/lua-language-server/libexec/meta/Lua%205.4%20en-us%20utf8/table.lua
[00:47:12.183][info] [#0:script/workspace/loading.lua:97]: Skip loaded file: file:///Users/gravity/.local/share/nvim/mason/packages/lua-language-server/libexec/meta/Lua%205.4%20en-us%20utf8/table.lua
[00:47:12.183][info] [#0:script/workspace/loading.lua:100]: Preload file at: file:///Users/gravity/.local/share/nvim/mason/packages/lua-language-server/libexec/meta/Lua%205.4%20en-us%20utf8/basic.lua , size = 15.841 KB
[00:47:12.193][info] [#0:script/workspace/loading.lua:112]: ++++As library of:	file:///Users/gravity/.local/share/nvim/mason/packages/lua-language-server/libexec/meta/Lua%205.4%20en-us%20utf8/basic.lua
[00:47:12.193][info] [#0:script/workspace/loading.lua:97]: Skip loaded file: file:///Users/gravity/.local/share/nvim/mason/packages/lua-language-server/libexec/meta/Lua%205.4%20en-us%20utf8/basic.lua
[00:47:12.193][info] [#0:script/workspace/loading.lua:100]: Preload file at: file:///Users/gravity/.local/share/nvim/mason/packages/lua-language-server/libexec/meta/Lua%205.4%20en-us%20utf8/package.lua , size = 2.944 KB
[00:47:12.194][info] [#0:script/workspace/loading.lua:112]: ++++As library of:	file:///Users/gravity/.local/share/nvim/mason/packages/lua-language-server/libexec/meta/Lua%205.4%20en-us%20utf8/package.lua
[00:47:12.194][info] [#0:script/workspace/loading.lua:97]: Skip loaded file: file:///Users/gravity/.local/share/nvim/mason/packages/lua-language-server/libexec/meta/Lua%205.4%20en-us%20utf8/package.lua
[00:47:12.194][info] [#0:script/workspace/loading.lua:100]: Preload file at: file:///Users/gravity/.local/share/nvim/mason/packages/lua-language-server/libexec/meta/Lua%205.4%20en-us%20utf8/os.lua , size = 5.611 KB
[00:47:12.197][info] [#0:script/workspace/loading.lua:112]: ++++As library of:	file:///Users/gravity/.local/share/nvim/mason/packages/lua-language-server/libexec/meta/Lua%205.4%20en-us%20utf8/os.lua
[00:47:12.197][info] [#0:script/workspace/loading.lua:97]: Skip loaded file: file:///Users/gravity/.local/share/nvim/mason/packages/lua-language-server/libexec/meta/Lua%205.4%20en-us%20utf8/os.lua
[00:47:12.197][info] [#0:script/workspace/loading.lua:100]: Preload file at: file:///Users/gravity/.local/share/nvim/mason/packages/lua-language-server/libexec/meta/Lua%205.4%20en-us%20utf8/math.lua , size = 8.542 KB
[00:47:12.200][info] [#0:script/workspace/loading.lua:112]: ++++As library of:	file:///Users/gravity/.local/share/nvim/mason/packages/lua-language-server/libexec/meta/Lua%205.4%20en-us%20utf8/math.lua
[00:47:12.200][info] [#0:script/workspace/loading.lua:97]: Skip loaded file: file:///Users/gravity/.local/share/nvim/mason/packages/lua-language-server/libexec/meta/Lua%205.4%20en-us%20utf8/math.lua
[00:47:12.200][info] [#0:script/workspace/loading.lua:100]: Preload file at: file:///Users/gravity/.local/share/nvim/mason/packages/lua-language-server/libexec/meta/Lua%205.4%20en-us%20utf8/utf8.lua , size = 2.386 KB
[00:47:12.203][info] [#0:script/workspace/loading.lua:112]: ++++As library of:	file:///Users/gravity/.local/share/nvim/mason/packages/lua-language-server/libexec/meta/Lua%205.4%20en-us%20utf8/utf8.lua
[00:47:12.203][info] [#0:script/workspace/loading.lua:97]: Skip loaded file: file:///Users/gravity/.local/share/nvim/mason/packages/lua-language-server/libexec/meta/Lua%205.4%20en-us%20utf8/utf8.lua
[00:47:12.203][info] [#0:script/workspace/loading.lua:100]: Preload file at: file:///Users/gravity/.local/share/nvim/mason/packages/lua-language-server/libexec/meta/Lua%205.4%20en-us%20utf8/string.lua , size = 5.234 KB
[00:47:12.206][info] [#0:script/workspace/loading.lua:112]: ++++As library of:	file:///Users/gravity/.local/share/nvim/mason/packages/lua-language-server/libexec/meta/Lua%205.4%20en-us%20utf8/string.lua
[00:47:12.206][info] [#0:script/workspace/loading.lua:97]: Skip loaded file: file:///Users/gravity/.local/share/nvim/mason/packages/lua-language-server/libexec/meta/Lua%205.4%20en-us%20utf8/string.lua
[00:47:12.206][info] [#0:script/workspace/loading.lua:100]: Preload file at: file:///Users/gravity/.local/share/nvim/mason/packages/lua-language-server/libexec/meta/Lua%205.4%20en-us%20utf8/builtin.lua , size = 0.302 KB
[00:47:12.206][info] [#0:script/workspace/loading.lua:112]: ++++As library of:	file:///Users/gravity/.local/share/nvim/mason/packages/lua-language-server/libexec/meta/Lua%205.4%20en-us%20utf8/builtin.lua
[00:47:12.206][info] [#0:script/workspace/loading.lua:97]: Skip loaded file: file:///Users/gravity/.local/share/nvim/mason/packages/lua-language-server/libexec/meta/Lua%205.4%20en-us%20utf8/builtin.lua
[00:47:12.206][info] [#0:script/workspace/loading.lua:100]: Preload file at: file:///Users/gravity/Github_repos/sketchybar/init.lua , size = 0.478 KB
[00:47:12.207][info] [#0:script/workspace/loading.lua:100]: Preload file at: file:///Users/gravity/Github_repos/sketchybar/colors.lua , size = 0.881 KB
[00:47:12.207][info] [#0:script/workspace/loading.lua:100]: Preload file at: file:///Users/gravity/Github_repos/sketchybar/settings.lua , size = 0.626 KB
[00:47:12.207][info] [#0:script/workspace/loading.lua:100]: Preload file at: file:///Users/gravity/Github_repos/sketchybar/icons.lua , size = 1.555 KB
[00:47:12.208][info] [#0:script/workspace/loading.lua:100]: Preload file at: file:///Users/gravity/Github_repos/sketchybar/items/spaces.lua , size = 4.391 KB
[00:47:12.210][info] [#0:script/workspace/loading.lua:100]: Preload file at: file:///Users/gravity/Github_repos/sketchybar/items/init.lua , size = 0.181 KB
[00:47:12.210][info] [#0:script/workspace/loading.lua:100]: Preload file at: file:///Users/gravity/Github_repos/sketchybar/items/front_app.lua , size = 0.496 KB
[00:47:12.211][info] [#0:script/workspace/loading.lua:100]: Preload file at: file:///Users/gravity/Github_repos/sketchybar/items/apple.lua , size = 0.818 KB
[00:47:12.211][info] [#0:script/workspace/loading.lua:100]: Preload file at: file:///Users/gravity/Github_repos/sketchybar/items/aerospace_workspaces.lua , size = 11.779 KB
[00:47:12.214][info] [#0:script/workspace/loading.lua:100]: Preload file at: file:///Users/gravity/Github_repos/sketchybar/items/menus.lua , size = 1.953 KB
[00:47:12.215][info] [#0:script/workspace/loading.lua:100]: Preload file at: file:///Users/gravity/Github_repos/sketchybar/items/calendar.lua , size = 1.181 KB
[00:47:12.216][info] [#0:script/workspace/loading.lua:100]: Preload file at: file:///Users/gravity/Github_repos/sketchybar/items/media.lua , size = 2.843 KB
[00:47:12.217][info] [#0:script/workspace/loading.lua:100]: Preload file at: file:///Users/gravity/Github_repos/sketchybar/items/widgets/cpu.lua , size = 1.682 KB
[00:47:12.218][info] [#0:script/workspace/loading.lua:100]: Preload file at: file:///Users/gravity/Github_repos/sketchybar/items/widgets/wifi.lua , size = 5.530 KB
[00:47:12.222][info] [#0:script/workspace/loading.lua:100]: Preload file at: file:///Users/gravity/Github_repos/sketchybar/items/widgets/init.lua , size = 0.220 KB
[00:47:12.222][info] [#0:script/workspace/loading.lua:100]: Preload file at: file:///Users/gravity/Github_repos/sketchybar/items/widgets/battery.lua , size = 2.334 KB
[00:47:12.223][info] [#0:script/workspace/loading.lua:100]: Preload file at: file:///Users/gravity/Github_repos/sketchybar/items/widgets/volume.lua , size = 4.157 KB
[00:47:12.225][info] [#0:script/workspace/loading.lua:100]: Preload file at: file:///Users/gravity/Github_repos/sketchybar/items/widgets/music.lua , size = 6.693 KB
[00:47:12.227][info] [#0:script/workspace/loading.lua:100]: Preload file at: file:///Users/gravity/Github_repos/sketchybar/items/widgets/weather.lua , size = 5.417 KB
[00:47:12.229][info] [#0:script/workspace/loading.lua:100]: Preload file at: file:///Users/gravity/Github_repos/sketchybar/bar.lua , size = 0.159 KB
[00:47:12.229][info] [#0:script/workspace/loading.lua:100]: Preload file at: file:///Users/gravity/Github_repos/sketchybar/items/widgets/git_toolkit.lua , size = 10.036 KB
[00:47:12.233][info] [#0:script/workspace/loading.lua:100]: Preload file at: file:///Users/gravity/Github_repos/sketchybar/default.lua , size = 1.163 KB
[00:47:12.233][info] [#0:script/workspace/loading.lua:100]: Preload file at: file:///Users/gravity/Github_repos/sketchybar/helpers/init.lua , size = 0.186 KB
[00:47:12.233][info] [#0:script/workspace/loading.lua:100]: Preload file at: file:///Users/gravity/Github_repos/sketchybar/helpers/default_font.lua , size = 0.266 KB
[00:47:12.233][info] [#0:script/workspace/loading.lua:100]: Preload file at: file:///Users/gravity/Github_repos/sketchybar/helpers/app_icons.lua , size = 13.679 KB
[00:47:12.338][info] [#0:script/workspace/loading.lua:172]: Loaded files takes [0.076] sec: <fallback>
[00:47:12.338][info] [#0:script/workspace/loading.lua:181]: Compile files takes [0.000] sec: <fallback>
[00:47:12.338][info] [#0:script/workspace/loading.lua:182]: Loaded finish:	<fallback>
[00:47:12.338][info] [#0:script/workspace/workspace.lua:387]: Preload finish at:	<fallback>
[00:47:12.341][info] [#0:script/workspace/loading.lua:172]: Loaded files takes [0.079] sec: file:///Users/gravity/Github_repos/sketchybar
[00:47:12.341][info] [#0:script/workspace/loading.lua:181]: Compile files takes [0.000] sec: file:///Users/gravity/Github_repos/sketchybar
[00:47:12.341][info] [#0:script/workspace/loading.lua:182]: Loaded finish:	file:///Users/gravity/Github_repos/sketchybar
[00:47:12.341][info] [#0:script/workspace/workspace.lua:387]: Preload finish at:	file:///Users/gravity/Github_repos/sketchybar
[00:47:12.346][info] [#0:script/provider/diagnostic.lua:560]: Diagnostics scope [file:///Users/gravity/Github_repos/sketchybar], files count:[37]
[00:47:12.445][info] [#0:script/provider/diagnostic.lua:577]: Diagnostics scope [file:///Users/gravity/Github_repos/sketchybar] finished, takes [0.096] sec.
[00:47:13.543][info] [#0:script/provider/provider.lua:176]: Server shutdown.
[00:47:13.648][warn] [#0:script/pub/report.lua:24]: Load proto error:	Disconnected!
