[21:24:11.086][info] [#0:/Users/gravity/.local/share/nvim/mason/packages/lua-language-server/libexec/main.lua:68]: Lua Lsp startup, root: 	/Users/gravity/.local/share/nvim/mason/packages/lua-language-server/libexec
[21:24:11.088][info] [#0:/Users/gravity/.local/share/nvim/mason/packages/lua-language-server/libexec/main.lua:69]: ROOT:	/Users/gravity/.local/share/nvim/mason/packages/lua-language-server/libexec
[21:24:11.088][info] [#0:/Users/gravity/.local/share/nvim/mason/packages/lua-language-server/libexec/main.lua:70]: LOGPATH:	/Users/gravity/.local/share/nvim/mason/packages/lua-language-server/libexec/log
[21:24:11.088][info] [#0:/Users/gravity/.local/share/nvim/mason/packages/lua-language-server/libexec/main.lua:71]: METAPATH:	/Users/gravity/.local/share/nvim/mason/packages/lua-language-server/libexec/meta
[21:24:11.088][info] [#0:/Users/gravity/.local/share/nvim/mason/packages/lua-language-server/libexec/main.lua:72]: VERSION:	3.15.0
[21:24:11.128][info] [#0:script/proto/proto.lua:260]: Listen Mode: stdio
[21:24:11.128][info] [#0:script/service/service.lua:145]: 
========= Medical Examination Report =========
    --------------- Memory ---------------
        Total: 2.266 MB
        # 00 : 2.266 MB
        # 01 : 0.000 MB
        # 02 : 0.000 MB
        # 03 : 0.000 MB
        # 04 : 0.000 MB
    --------------- Coroutine ---------------
        Total:     0
        Running:   0
        Suspended: 0
        Normal:    0
        Dead:      0
    --------------- Cache ---------------
        Total: 1
        Dead:  0
    ---------------  RPC  ---------------
        Holdon:   0
        Waiting:  0
==============================================
[21:24:11.239][info] [#0:script/client.lua:657]: Client init	{
  capabilities = {
    general = {
      positionEncodings = { "utf-8", "utf-16", "utf-32" }
    },
    textDocument = {
      callHierarchy = {
        dynamicRegistration = false
      },
      codeAction = {
        codeActionLiteralSupport = {
          codeActionKind = {
            valueSet = { "", "quickfix", "refactor", "refactor.extract", "refactor.inline", "refactor.rewrite", "source", "source.organizeImports" }
          }
        },
        dataSupport = true,
        dynamicRegistration = true,
        isPreferredSupport = true,
        resolveSupport = {
          properties = { "edit", "command" }
        }
      },
      codeLens = {
        dynamicRegistration = false,
        resolveSupport = {
          properties = { "command" }
        }
      },
      completion = {
        completionItem = {
          commitCharactersSupport = true,
          deprecatedSupport = true,
          documentationFormat = { "markdown", "plaintext" },
          insertReplaceSupport = true,
          labelDetailsSupport = true,
          preselectSupport = true,
          resolveSupport = {
            properties = { "documentation", "detail", "additionalTextEdits" }
          },
          snippetSupport = true,
          tagSupport = {
            valueSet = { 1 }
          }
        },
        completionItemKind = {
          valueSet = { 1, 2, 3, 4, 5, 6, 7, 8, 9, 10, 11, 12, 13, 14, 15, 16, 17, 18, 19, 20, 21, 22, 23, 24, 25 }
        },
        completionList = {
          itemDefaults = { "editRange", "insertTextFormat", "insertTextMode", "data" }
        },
        contextSupport = true,
        dynamicRegistration = false
      },
      declaration = {
        linkSupport = true
      },
      definition = {
        dynamicRegistration = true,
        linkSupport = true
      },
      diagnostic = {
        dynamicRegistration = false,
        tagSupport = {
          valueSet = { 1, 2 }
        }
      },
      documentHighlight = {
        dynamicRegistration = false
      },
      documentSymbol = {
        dynamicRegistration = false,
        hierarchicalDocumentSymbolSupport = true,
        symbolKind = {
          valueSet = { 1, 2, 3, 4, 5, 6, 7, 8, 9, 10, 11, 12, 13, 14, 15, 16, 17, 18, 19, 20, 21, 22, 23, 24, 25, 26 }
        }
      },
      foldingRange = {
        dynamicRegistration = false,
        foldingRange = {
          collapsedText = true
        },
        foldingRangeKind = {
          valueSet = { "comment", "imports", "region" }
        },
        lineFoldingOnly = true
      },
      formatting = {
        dynamicRegistration = true
      },
      hover = {
        contentFormat = { "markdown", "plaintext" },
        dynamicRegistration = true
      },
      implementation = {
        linkSupport = true
      },
      inlayHint = {
        dynamicRegistration = true,
        resolveSupport = {
          properties = { "textEdits", "tooltip", "location", "command" }
        }
      },
      publishDiagnostics = {
        dataSupport = true,
        relatedInformation = true,
        tagSupport = {
          valueSet = { 1, 2 }
        }
      },
      rangeFormatting = {
        dynamicRegistration = true,
        rangesSupport = true
      },
      references = {
        dynamicRegistration = false
      },
      rename = {
        dynamicRegistration = true,
        prepareSupport = true
      },
      semanticTokens = {
        augmentsSyntaxTokens = true,
        dynamicRegistration = false,
        formats = { "relative" },
        multilineTokenSupport = false,
        overlappingTokenSupport = true,
        requests = {
          full = {
            delta = true
          },
          range = false
        },
        serverCancelSupport = false,
        tokenModifiers = { "declaration", "definition", "readonly", "static", "deprecated", "abstract", "async", "modification", "documentation", "defaultLibrary" },
        tokenTypes = { "namespace", "type", "class", "enum", "interface", "struct", "typeParameter", "parameter", "variable", "property", "enumMember", "event", "function", "method", "macro", "keyword", "modifier", "comment", "string", "number", "regexp", "operator", "decorator" }
      },
      signatureHelp = {
        dynamicRegistration = false,
        signatureInformation = {
          activeParameterSupport = true,
          documentationFormat = { "markdown", "plaintext" },
          parameterInformation = {
            labelOffsetSupport = true
          }
        }
      },
      synchronization = {
        didSave = true,
        dynamicRegistration = false,
        willSave = true,
        willSaveWaitUntil = true
      },
      typeDefinition = {
        linkSupport = true
      }
    },
    window = {
      showDocument = {
        support = true
      },
      showMessage = {
        messageActionItem = {
          additionalPropertiesSupport = true
        }
      },
      workDoneProgress = true
    },
    workspace = {
      applyEdit = true,
      configuration = true,
      didChangeConfiguration = {
        dynamicRegistration = false
      },
      didChangeWatchedFiles = {
        dynamicRegistration = true,
        relativePatternSupport = true
      },
      inlayHint = {
        refreshSupport = true
      },
      semanticTokens = {
        refreshSupport = true
      },
      symbol = {
        dynamicRegistration = false,
        symbolKind = {
          valueSet = { 1, 2, 3, 4, 5, 6, 7, 8, 9, 10, 11, 12, 13, 14, 15, 16, 17, 18, 19, 20, 21, 22, 23, 24, 25, 26 }
        }
      },
      workspaceEdit = {
        resourceOperations = { "rename", "create", "delete" }
      },
      workspaceFolders = true
    }
  },
  clientInfo = {
    name = "Neovim",
    version = "0.11.3"
  },
  initializationOptions = {},
  processId = 4561,
  trace = "off",
  workDoneToken = "1"
}
[21:24:11.239][info] [#0:script/language.lua:137]: VSC language: nil
[21:24:11.239][info] [#0:script/language.lua:138]: LS  language: en-us
[21:24:11.970][info] [#0:script/workspace/workspace.lua:48]: Workspace create: 	file:///Users/gravity/.hammerspoon
[21:24:11.971][info] [#0:script/provider/provider.lua:65]: Load config from client	fallback
[21:24:11.971][info] [#0:script/provider/provider.lua:66]: {
  Lua = {
    diagnostics = {
      globals = { "vim" }
    }
  }
}
[21:24:11.971][info] [#0:script/provider/provider.lua:65]: Load config from client	fallback
[21:24:11.971][info] [#0:script/provider/provider.lua:66]: {
  Lua = {
    diagnostics = {
      globals = { "vim" }
    }
  }
}
[21:24:11.971][info] [#0:script/provider/provider.lua:49]: Load config from client	file:///Users/gravity/.hammerspoon
[21:24:11.971][info] [#0:script/provider/provider.lua:50]: {
  Lua = {
    diagnostics = {
      globals = { "vim" }
    }
  }
}
[21:24:11.971][info] [#0:script/provider/provider.lua:65]: Load config from client	fallback
[21:24:11.971][info] [#0:script/provider/provider.lua:66]: {
  Lua = {
    diagnostics = {
      globals = { "vim" }
    }
  }
}
[21:24:12.099][info] [#0:script/library.lua:212]: Init builtin library at:	nil
[21:24:12.118][info] [#0:script/library.lua:212]: Init builtin library at:	file:///Users/gravity/.hammerspoon
[21:24:12.229][info] [#0:script/workspace/workspace.lua:330]: Preload start:	<fallback>
[21:24:12.235][info] [#0:script/workspace/workspace.lua:359]: Scan library at:	file:///Users/gravity/.local/share/nvim/mason/packages/lua-language-server/libexec/meta/Lua%205.4%20en-us%20utf8/builtin.lua
[21:24:12.235][info] [#0:script/workspace/workspace.lua:330]: Preload start:	file:///Users/gravity/.hammerspoon
[21:24:12.238][info] [#0:script/workspace/workspace.lua:336]: Scan files at:	file:///Users/gravity/.hammerspoon
[21:24:12.240][info] [#0:script/workspace/workspace.lua:359]: Scan library at:	file:///Users/gravity/.local/share/nvim/mason/packages/lua-language-server/libexec/meta/Lua%205.4%20en-us%20utf8/string.lua
[21:24:12.240][info] [#0:script/workspace/workspace.lua:359]: Scan library at:	file:///Users/gravity/.local/share/nvim/mason/packages/lua-language-server/libexec/meta/Lua%205.4%20en-us%20utf8/builtin.lua
[21:24:12.240][info] [#0:script/workspace/workspace.lua:359]: Scan library at:	file:///Users/gravity/.local/share/nvim/mason/packages/lua-language-server/libexec/meta/Lua%205.4%20en-us%20utf8/utf8.lua
[21:24:12.240][info] [#0:script/workspace/workspace.lua:359]: Scan library at:	file:///Users/gravity/.local/share/nvim/mason/packages/lua-language-server/libexec/meta/Lua%205.4%20en-us%20utf8/string.lua
[21:24:12.240][info] [#0:script/workspace/workspace.lua:359]: Scan library at:	file:///Users/gravity/.local/share/nvim/mason/packages/lua-language-server/libexec/meta/Lua%205.4%20en-us%20utf8/math.lua
[21:24:12.241][info] [#0:script/workspace/workspace.lua:359]: Scan library at:	file:///Users/gravity/.local/share/nvim/mason/packages/lua-language-server/libexec/meta/Lua%205.4%20en-us%20utf8/utf8.lua
[21:24:12.241][info] [#0:script/workspace/workspace.lua:359]: Scan library at:	file:///Users/gravity/.local/share/nvim/mason/packages/lua-language-server/libexec/meta/Lua%205.4%20en-us%20utf8/os.lua
[21:24:12.241][info] [#0:script/workspace/workspace.lua:359]: Scan library at:	file:///Users/gravity/.local/share/nvim/mason/packages/lua-language-server/libexec/meta/Lua%205.4%20en-us%20utf8/math.lua
[21:24:12.241][info] [#0:script/workspace/workspace.lua:359]: Scan library at:	file:///Users/gravity/.local/share/nvim/mason/packages/lua-language-server/libexec/meta/Lua%205.4%20en-us%20utf8/package.lua
[21:24:12.241][info] [#0:script/workspace/workspace.lua:359]: Scan library at:	file:///Users/gravity/.local/share/nvim/mason/packages/lua-language-server/libexec/meta/Lua%205.4%20en-us%20utf8/os.lua
[21:24:12.242][info] [#0:script/workspace/workspace.lua:359]: Scan library at:	file:///Users/gravity/.local/share/nvim/mason/packages/lua-language-server/libexec/meta/Lua%205.4%20en-us%20utf8/basic.lua
[21:24:12.242][info] [#0:script/workspace/workspace.lua:359]: Scan library at:	file:///Users/gravity/.local/share/nvim/mason/packages/lua-language-server/libexec/meta/Lua%205.4%20en-us%20utf8/package.lua
[21:24:12.242][info] [#0:script/workspace/workspace.lua:359]: Scan library at:	file:///Users/gravity/.local/share/nvim/mason/packages/lua-language-server/libexec/meta/Lua%205.4%20en-us%20utf8/table.lua
[21:24:12.242][info] [#0:script/workspace/workspace.lua:359]: Scan library at:	file:///Users/gravity/.local/share/nvim/mason/packages/lua-language-server/libexec/meta/Lua%205.4%20en-us%20utf8/basic.lua
[21:24:12.242][info] [#0:script/workspace/workspace.lua:359]: Scan library at:	file:///Users/gravity/.local/share/nvim/mason/packages/lua-language-server/libexec/meta/Lua%205.4%20en-us%20utf8/coroutine.lua
[21:24:12.242][info] [#0:script/workspace/workspace.lua:359]: Scan library at:	file:///Users/gravity/.local/share/nvim/mason/packages/lua-language-server/libexec/meta/Lua%205.4%20en-us%20utf8/table.lua
[21:24:12.242][info] [#0:script/workspace/workspace.lua:359]: Scan library at:	file:///Users/gravity/.local/share/nvim/mason/packages/lua-language-server/libexec/meta/Lua%205.4%20en-us%20utf8/debug.lua
[21:24:12.242][info] [#0:script/workspace/workspace.lua:359]: Scan library at:	file:///Users/gravity/.local/share/nvim/mason/packages/lua-language-server/libexec/meta/Lua%205.4%20en-us%20utf8/coroutine.lua
[21:24:12.243][info] [#0:script/workspace/workspace.lua:359]: Scan library at:	file:///Users/gravity/.local/share/nvim/mason/packages/lua-language-server/libexec/meta/Lua%205.4%20en-us%20utf8/io.lua
[21:24:12.243][info] [#0:script/workspace/workspace.lua:359]: Scan library at:	file:///Users/gravity/.local/share/nvim/mason/packages/lua-language-server/libexec/meta/Lua%205.4%20en-us%20utf8/debug.lua
[21:24:12.243][info] [#0:script/workspace/workspace.lua:359]: Scan library at:	file:///Users/gravity/.local/share/nvim/mason/packages/lua-language-server/libexec/meta/Lua%205.4%20en-us%20utf8/io.lua
[21:24:12.348][info] [#0:script/workspace/workspace.lua:385]: Found 11 files at:	<fallback>
[21:24:12.348][info] [#0:script/workspace/loading.lua:160]: Load files from disk:	<fallback>
[21:24:12.349][info] [#0:script/workspace/workspace.lua:385]: Found 12 files at:	file:///Users/gravity/.hammerspoon
[21:24:12.349][info] [#0:script/workspace/loading.lua:160]: Load files from disk:	file:///Users/gravity/.hammerspoon
[21:24:12.350][info] [#0:script/workspace/loading.lua:88]: Skip loaded file: file:///Users/gravity/.hammerspoon/init_bac.lua
[21:24:12.455][info] [#0:script/workspace/loading.lua:100]: Preload file at: file:///Users/gravity/.local/share/nvim/mason/packages/lua-language-server/libexec/meta/Lua%205.4%20en-us%20utf8/io.lua , size = 6.364 KB
[21:24:12.470][info] [#0:script/workspace/loading.lua:112]: ++++As library of:	file:///Users/gravity/.local/share/nvim/mason/packages/lua-language-server/libexec/meta/Lua%205.4%20en-us%20utf8/io.lua
[21:24:12.470][info] [#0:script/workspace/loading.lua:97]: Skip loaded file: file:///Users/gravity/.local/share/nvim/mason/packages/lua-language-server/libexec/meta/Lua%205.4%20en-us%20utf8/io.lua
[21:24:12.470][info] [#0:script/workspace/loading.lua:100]: Preload file at: file:///Users/gravity/.local/share/nvim/mason/packages/lua-language-server/libexec/meta/Lua%205.4%20en-us%20utf8/debug.lua , size = 7.637 KB
[21:24:12.481][info] [#0:script/workspace/loading.lua:112]: ++++As library of:	file:///Users/gravity/.local/share/nvim/mason/packages/lua-language-server/libexec/meta/Lua%205.4%20en-us%20utf8/debug.lua
[21:24:12.481][info] [#0:script/workspace/loading.lua:97]: Skip loaded file: file:///Users/gravity/.local/share/nvim/mason/packages/lua-language-server/libexec/meta/Lua%205.4%20en-us%20utf8/debug.lua
[21:24:12.482][info] [#0:script/workspace/loading.lua:100]: Preload file at: file:///Users/gravity/.local/share/nvim/mason/packages/lua-language-server/libexec/meta/Lua%205.4%20en-us%20utf8/coroutine.lua , size = 2.590 KB
[21:24:12.484][info] [#0:script/workspace/loading.lua:112]: ++++As library of:	file:///Users/gravity/.local/share/nvim/mason/packages/lua-language-server/libexec/meta/Lua%205.4%20en-us%20utf8/coroutine.lua
[21:24:12.484][info] [#0:script/workspace/loading.lua:97]: Skip loaded file: file:///Users/gravity/.local/share/nvim/mason/packages/lua-language-server/libexec/meta/Lua%205.4%20en-us%20utf8/coroutine.lua
[21:24:12.484][info] [#0:script/workspace/loading.lua:100]: Preload file at: file:///Users/gravity/.local/share/nvim/mason/packages/lua-language-server/libexec/meta/Lua%205.4%20en-us%20utf8/table.lua , size = 4.445 KB
[21:24:12.488][info] [#0:script/workspace/loading.lua:112]: ++++As library of:	file:///Users/gravity/.local/share/nvim/mason/packages/lua-language-server/libexec/meta/Lua%205.4%20en-us%20utf8/table.lua
[21:24:12.488][info] [#0:script/workspace/loading.lua:97]: Skip loaded file: file:///Users/gravity/.local/share/nvim/mason/packages/lua-language-server/libexec/meta/Lua%205.4%20en-us%20utf8/table.lua
[21:24:12.488][info] [#0:script/workspace/loading.lua:100]: Preload file at: file:///Users/gravity/.local/share/nvim/mason/packages/lua-language-server/libexec/meta/Lua%205.4%20en-us%20utf8/basic.lua , size = 15.841 KB
[21:24:12.500][info] [#0:script/workspace/loading.lua:112]: ++++As library of:	file:///Users/gravity/.local/share/nvim/mason/packages/lua-language-server/libexec/meta/Lua%205.4%20en-us%20utf8/basic.lua
[21:24:12.500][info] [#0:script/workspace/loading.lua:97]: Skip loaded file: file:///Users/gravity/.local/share/nvim/mason/packages/lua-language-server/libexec/meta/Lua%205.4%20en-us%20utf8/basic.lua
[21:24:12.500][info] [#0:script/workspace/loading.lua:100]: Preload file at: file:///Users/gravity/.local/share/nvim/mason/packages/lua-language-server/libexec/meta/Lua%205.4%20en-us%20utf8/package.lua , size = 2.944 KB
[21:24:12.501][info] [#0:script/workspace/loading.lua:112]: ++++As library of:	file:///Users/gravity/.local/share/nvim/mason/packages/lua-language-server/libexec/meta/Lua%205.4%20en-us%20utf8/package.lua
[21:24:12.501][info] [#0:script/workspace/loading.lua:97]: Skip loaded file: file:///Users/gravity/.local/share/nvim/mason/packages/lua-language-server/libexec/meta/Lua%205.4%20en-us%20utf8/package.lua
[21:24:12.502][info] [#0:script/workspace/loading.lua:100]: Preload file at: file:///Users/gravity/.local/share/nvim/mason/packages/lua-language-server/libexec/meta/Lua%205.4%20en-us%20utf8/os.lua , size = 5.611 KB
[21:24:12.505][info] [#0:script/workspace/loading.lua:112]: ++++As library of:	file:///Users/gravity/.local/share/nvim/mason/packages/lua-language-server/libexec/meta/Lua%205.4%20en-us%20utf8/os.lua
[21:24:12.505][info] [#0:script/workspace/loading.lua:97]: Skip loaded file: file:///Users/gravity/.local/share/nvim/mason/packages/lua-language-server/libexec/meta/Lua%205.4%20en-us%20utf8/os.lua
[21:24:12.505][info] [#0:script/workspace/loading.lua:100]: Preload file at: file:///Users/gravity/.local/share/nvim/mason/packages/lua-language-server/libexec/meta/Lua%205.4%20en-us%20utf8/math.lua , size = 8.542 KB
[21:24:12.510][info] [#0:script/workspace/loading.lua:112]: ++++As library of:	file:///Users/gravity/.local/share/nvim/mason/packages/lua-language-server/libexec/meta/Lua%205.4%20en-us%20utf8/math.lua
[21:24:12.510][info] [#0:script/workspace/loading.lua:97]: Skip loaded file: file:///Users/gravity/.local/share/nvim/mason/packages/lua-language-server/libexec/meta/Lua%205.4%20en-us%20utf8/math.lua
[21:24:12.510][info] [#0:script/workspace/loading.lua:100]: Preload file at: file:///Users/gravity/.local/share/nvim/mason/packages/lua-language-server/libexec/meta/Lua%205.4%20en-us%20utf8/utf8.lua , size = 2.386 KB
[21:24:12.513][info] [#0:script/workspace/loading.lua:112]: ++++As library of:	file:///Users/gravity/.local/share/nvim/mason/packages/lua-language-server/libexec/meta/Lua%205.4%20en-us%20utf8/utf8.lua
[21:24:12.513][info] [#0:script/workspace/loading.lua:97]: Skip loaded file: file:///Users/gravity/.local/share/nvim/mason/packages/lua-language-server/libexec/meta/Lua%205.4%20en-us%20utf8/utf8.lua
[21:24:12.513][info] [#0:script/workspace/loading.lua:100]: Preload file at: file:///Users/gravity/.local/share/nvim/mason/packages/lua-language-server/libexec/meta/Lua%205.4%20en-us%20utf8/string.lua , size = 5.234 KB
[21:24:12.516][info] [#0:script/workspace/loading.lua:112]: ++++As library of:	file:///Users/gravity/.local/share/nvim/mason/packages/lua-language-server/libexec/meta/Lua%205.4%20en-us%20utf8/string.lua
[21:24:12.516][info] [#0:script/workspace/loading.lua:97]: Skip loaded file: file:///Users/gravity/.local/share/nvim/mason/packages/lua-language-server/libexec/meta/Lua%205.4%20en-us%20utf8/string.lua
[21:24:12.516][info] [#0:script/workspace/loading.lua:100]: Preload file at: file:///Users/gravity/.local/share/nvim/mason/packages/lua-language-server/libexec/meta/Lua%205.4%20en-us%20utf8/builtin.lua , size = 0.302 KB
[21:24:12.517][info] [#0:script/workspace/loading.lua:112]: ++++As library of:	file:///Users/gravity/.local/share/nvim/mason/packages/lua-language-server/libexec/meta/Lua%205.4%20en-us%20utf8/builtin.lua
[21:24:12.517][info] [#0:script/workspace/loading.lua:97]: Skip loaded file: file:///Users/gravity/.local/share/nvim/mason/packages/lua-language-server/libexec/meta/Lua%205.4%20en-us%20utf8/builtin.lua
[21:24:12.622][info] [#0:script/workspace/loading.lua:172]: Loaded files takes [0.069] sec: <fallback>
[21:24:12.622][info] [#0:script/workspace/loading.lua:181]: Compile files takes [0.000] sec: <fallback>
[21:24:12.622][info] [#0:script/workspace/loading.lua:182]: Loaded finish:	<fallback>
[21:24:12.622][info] [#0:script/workspace/workspace.lua:387]: Preload finish at:	<fallback>
[21:24:12.626][info] [#0:script/workspace/loading.lua:172]: Loaded files takes [0.073] sec: file:///Users/gravity/.hammerspoon
[21:24:12.626][info] [#0:script/workspace/loading.lua:181]: Compile files takes [0.000] sec: file:///Users/gravity/.hammerspoon
[21:24:12.626][info] [#0:script/workspace/loading.lua:182]: Loaded finish:	file:///Users/gravity/.hammerspoon
[21:24:12.626][info] [#0:script/workspace/workspace.lua:387]: Preload finish at:	file:///Users/gravity/.hammerspoon
[21:24:12.635][info] [#0:script/provider/diagnostic.lua:560]: Diagnostics scope [file:///Users/gravity/.hammerspoon], files count:[12]
[21:24:12.663][info] [#0:script/provider/diagnostic.lua:577]: Diagnostics scope [file:///Users/gravity/.hammerspoon] finished, takes [0.025] sec.
[21:24:20.795][warn] [#0:script/pub/report.lua:24]: Load proto error:	Disconnected!
